<?xml version="1.0" encoding="UTF-8"?>
<!-- Generated by org.testng.reporters.JUnitXMLReporter -->
<testsuite hostname="ultimate-PC" ignored="0" name="Ass1" tests="6" failures="6" timestamp="2020-05-31T04:45:05 PDT" time="0.118" errors="0">
  <testcase name="itemcount" time="0.012" classname="resource.AssQ1">
    <failure type="java.io.FileNotFoundException" message="E:\eclipse\workspace\Selenium\src\main\java\assignment\data.properties (The system cannot find the path specified)">
      <![CDATA[java.io.FileNotFoundException: E:\eclipse\workspace\Selenium\src\main\java\assignment\data.properties (The system cannot find the path specified)
at java.io.FileInputStream.open0(Native Method)
at java.io.FileInputStream.open(FileInputStream.java:195)
at java.io.FileInputStream.<init>(FileInputStream.java:138)
at java.io.FileInputStream.<init>(FileInputStream.java:93)
at resource.Base.initDriver(Base.java:20)
at resource.AssQ1.itemcount(AssQ1.java:25)
at java.util.ArrayList.forEach(ArrayList.java:1257)
... Removed 27 stack frames]]>
    </failure>
  </testcase> <!-- itemcount -->
  <testcase name="formfill" time="0.005" classname="resource.AssQ1">
    <failure type="java.lang.NullPointerException">
      <![CDATA[java.lang.NullPointerException
at resource.AssQ1.formfill(AssQ1.java:52)
at java.util.ArrayList.forEach(ArrayList.java:1257)
... Removed 27 stack frames]]>
    </failure>
  </testcase> <!-- formfill -->
  <testcase name="dragNdrop" time="0.001" classname="resource.AssQ1">
    <failure type="java.lang.NullPointerException">
      <![CDATA[java.lang.NullPointerException
at resource.AssQ1.dragNdrop(AssQ1.java:77)
at java.util.ArrayList.forEach(ArrayList.java:1257)
... Removed 27 stack frames]]>
    </failure>
  </testcase> <!-- dragNdrop -->
  <testcase name="datePicker" time="0.001" classname="resource.AssQ1">
    <failure type="java.lang.NullPointerException">
      <![CDATA[java.lang.NullPointerException
at resource.AssQ1.datePicker(AssQ1.java:88)
at java.util.ArrayList.forEach(ArrayList.java:1257)
... Removed 27 stack frames]]>
    </failure>
  </testcase> <!-- datePicker -->
  <testcase name="selectMenu" time="0.002" classname="resource.AssQ1">
    <failure type="java.lang.NullPointerException">
      <![CDATA[java.lang.NullPointerException
at resource.AssQ1.selectMenu(AssQ1.java:119)
at java.util.ArrayList.forEach(ArrayList.java:1257)
... Removed 27 stack frames]]>
    </failure>
  </testcase> <!-- selectMenu -->
  <testcase name="controlGrp" time="0.002" classname="resource.AssQ1">
    <failure type="java.lang.NullPointerException">
      <![CDATA[java.lang.NullPointerException
at resource.AssQ1.controlGrp(AssQ1.java:146)
at java.util.ArrayList.forEach(ArrayList.java:1257)
... Removed 27 stack frames]]>
    </failure>
  </testcase> <!-- controlGrp -->
</testsuite> <!-- Ass1 -->
