<?xml version="1.0" encoding="UTF-8"?>
<!-- Generated by org.testng.reporters.JUnitXMLReporter -->
<testsuite hostname="ultimate-PC" ignored="0" name="Test" tests="1" failures="1" timestamp="2020-06-10T03:19:59 PDT" time="93.118" errors="0">
  <testcase name="makeMyTripTest" time="93.117" classname="resource.MakeMyTripTest">
    <failure type="java.lang.IndexOutOfBoundsException" message="Index: 0, Size: 0">
      <![CDATA[java.lang.IndexOutOfBoundsException: Index: 0, Size: 0
at java.util.ArrayList.rangeCheck(ArrayList.java:657)
at java.util.ArrayList.get(ArrayList.java:433)
at resource.MakeMyTripTest.makeMyTripTest(MakeMyTripTest.java:83)
at java.util.ArrayList.forEach(ArrayList.java:1257)
... Removed 31 stack frames]]>
    </failure>
  </testcase> <!-- makeMyTripTest -->
</testsuite> <!-- Test -->
